aaucna.casasbahia.com.br
simgestor.com.br
sistemaunificado.com.br
prod-web.wondershare.cc
creditagricolemessageries.kinsta.cloud
ipfs.fleek.co
storageapi2.fleek.co
gzjroa.bradsdeals.com
fsll.freestyleserver.com
hcjpbc.intouchweekly.com
sxjfhh.knoxnews.com
detnmz.livestrong.com
sh.mp.weixin.qq.com
sz.mp.weixin.qq.com
hcjpbc.radaronline.com
devicez.za.com
echtrezeptfrei.com.de
cmp-sp.wiwo.de
user.fm
api.libreview.io
api-eu.libreview.io
api-us.libreview.io
adcentsmedia.co.ke
jamdygarbage.co.ke
inasam.com.mx
mnhr.com.my
smstext247.com.ng
cll.org.np
xervicom.com.pe
